<component name="libraryTable">
  <library name="junit-platform-engine-1.6.2">
    <CLASSES>
      <root url="jar://D:/download/junit-platform-engine-1.6.2.jar!/" />
    </CLASSES>
    <JAVADOC />
    <SOURCES />
  </library>
</component>