<component name="libraryTable">
  <library name="junit-jupiter-api-5.6.2">
    <CLASSES>
      <root url="jar://D:/download/junit-jupiter-api-5.6.2.jar!/" />
    </CLASSES>
    <JAVADOC />
    <SOURCES />
  </library>
</component>